Oct 30, 2014 2:12:27 PM org.apache.solr.servlet.SolrDispatchFilter init
INFO: SolrDispatchFilter.init()
Oct 30, 2014 2:12:27 PM org.apache.solr.core.SolrResourceLoader locateSolrHome
INFO: JNDI not configured for solr (NoInitialContextEx)
Oct 30, 2014 2:12:27 PM org.apache.solr.core.SolrResourceLoader locateSolrHome
INFO: using system property solr.solr.home: /Users/Gavin/Documents/Pearson-Coding-Project/solr
Oct 30, 2014 2:12:28 PM org.apache.solr.core.CoreContainer$Initializer initialize
INFO: looking for solr.xml: /Users/Gavin/Documents/Pearson-Coding-Project/solr/solr.xml
Oct 30, 2014 2:12:28 PM org.apache.solr.core.CoreContainer <init>
INFO: New CoreContainer 346224929
Oct 30, 2014 2:12:28 PM org.apache.solr.core.CoreContainer load
INFO: Loading CoreContainer using Solr Home: '/Users/Gavin/Documents/Pearson-Coding-Project/solr/'
Oct 30, 2014 2:12:28 PM org.apache.solr.core.SolrResourceLoader <init>
INFO: new SolrResourceLoader for directory: '/Users/Gavin/Documents/Pearson-Coding-Project/solr/'
Oct 30, 2014 2:12:28 PM org.apache.solr.handler.component.HttpShardHandlerFactory getParameter
INFO: Setting socketTimeout to: 0
Oct 30, 2014 2:12:28 PM org.apache.solr.handler.component.HttpShardHandlerFactory getParameter
INFO: Setting urlScheme to: http://
Oct 30, 2014 2:12:28 PM org.apache.solr.handler.component.HttpShardHandlerFactory getParameter
INFO: Setting connTimeout to: 0
Oct 30, 2014 2:12:28 PM org.apache.solr.handler.component.HttpShardHandlerFactory getParameter
INFO: Setting maxConnectionsPerHost to: 20
Oct 30, 2014 2:12:28 PM org.apache.solr.handler.component.HttpShardHandlerFactory getParameter
INFO: Setting corePoolSize to: 0
Oct 30, 2014 2:12:28 PM org.apache.solr.handler.component.HttpShardHandlerFactory getParameter
INFO: Setting maximumPoolSize to: 2147483647
Oct 30, 2014 2:12:28 PM org.apache.solr.handler.component.HttpShardHandlerFactory getParameter
INFO: Setting maxThreadIdleTime to: 5
Oct 30, 2014 2:12:28 PM org.apache.solr.handler.component.HttpShardHandlerFactory getParameter
INFO: Setting sizeOfQueue to: -1
Oct 30, 2014 2:12:28 PM org.apache.solr.handler.component.HttpShardHandlerFactory getParameter
INFO: Setting fairnessPolicy to: false
Oct 30, 2014 2:12:28 PM org.apache.solr.client.solrj.impl.HttpClientUtil createClient
INFO: Creating new http client, config:maxConnectionsPerHost=20&maxConnections=10000&socketTimeout=0&connTimeout=0&retry=false
Oct 30, 2014 2:12:28 PM org.apache.solr.core.CoreContainer load
INFO: Registering Log Listener
Oct 30, 2014 2:12:28 PM org.apache.solr.core.CoreContainer create
INFO: Creating SolrCore 'default' using instanceDir: /Users/Gavin/Documents/Pearson-Coding-Project/solr/.
Oct 30, 2014 2:12:28 PM org.apache.solr.core.SolrResourceLoader <init>
INFO: new SolrResourceLoader for directory: '/Users/Gavin/Documents/Pearson-Coding-Project/solr/./'
Oct 30, 2014 2:12:28 PM org.apache.solr.core.CoreContainer create
INFO: Creating SolrCore 'development' using instanceDir: /Users/Gavin/Documents/Pearson-Coding-Project/solr/.
Oct 30, 2014 2:12:28 PM org.apache.solr.core.SolrResourceLoader <init>
INFO: new SolrResourceLoader for directory: '/Users/Gavin/Documents/Pearson-Coding-Project/solr/./'
Oct 30, 2014 2:12:28 PM org.apache.solr.core.CoreContainer create
INFO: Creating SolrCore 'test' using instanceDir: /Users/Gavin/Documents/Pearson-Coding-Project/solr/.
Oct 30, 2014 2:12:28 PM org.apache.solr.core.SolrResourceLoader <init>
INFO: new SolrResourceLoader for directory: '/Users/Gavin/Documents/Pearson-Coding-Project/solr/./'
Oct 30, 2014 2:12:28 PM org.apache.solr.core.SolrConfig <init>
INFO: Using Lucene MatchVersion: LUCENE_41
Oct 30, 2014 2:12:28 PM org.apache.solr.core.SolrConfig <init>
INFO: Using Lucene MatchVersion: LUCENE_41
Oct 30, 2014 2:12:28 PM org.apache.solr.core.SolrConfig <init>
INFO: Using Lucene MatchVersion: LUCENE_41
Oct 30, 2014 2:12:28 PM org.apache.solr.core.SolrConfig <init>
INFO: Loaded SolrConfig: solrconfig.xml
Oct 30, 2014 2:12:28 PM org.apache.solr.core.SolrConfig <init>
INFO: Loaded SolrConfig: solrconfig.xml
Oct 30, 2014 2:12:28 PM org.apache.solr.core.SolrConfig <init>
INFO: Loaded SolrConfig: solrconfig.xml
Oct 30, 2014 2:12:28 PM org.apache.solr.schema.IndexSchema readSchema
INFO: Reading Solr Schema
Oct 30, 2014 2:12:28 PM org.apache.solr.schema.IndexSchema readSchema
INFO: Reading Solr Schema
Oct 30, 2014 2:12:28 PM org.apache.solr.schema.IndexSchema readSchema
INFO: Reading Solr Schema
Oct 30, 2014 2:12:28 PM org.apache.solr.schema.IndexSchema readSchema
INFO: Schema name=sunspot
Oct 30, 2014 2:12:28 PM org.apache.solr.schema.IndexSchema readSchema
INFO: Schema name=sunspot
Oct 30, 2014 2:12:28 PM org.apache.solr.schema.IndexSchema readSchema
INFO: Schema name=sunspot
Oct 30, 2014 2:12:29 PM org.apache.solr.schema.IndexSchema readSchema
INFO: default search field in schema is text
Oct 30, 2014 2:12:29 PM org.apache.solr.schema.IndexSchema readSchema
INFO: default search field in schema is text
Oct 30, 2014 2:12:29 PM org.apache.solr.schema.IndexSchema readSchema
INFO: query parser default operator is AND
Oct 30, 2014 2:12:29 PM org.apache.solr.schema.IndexSchema readSchema
INFO: query parser default operator is AND
Oct 30, 2014 2:12:29 PM org.apache.solr.schema.IndexSchema readSchema
INFO: unique key field: id
Oct 30, 2014 2:12:29 PM org.apache.solr.schema.IndexSchema readSchema
INFO: unique key field: id
Oct 30, 2014 2:12:29 PM org.apache.solr.schema.IndexSchema readSchema
INFO: default search field in schema is text
Oct 30, 2014 2:12:29 PM org.apache.solr.schema.IndexSchema readSchema
INFO: query parser default operator is AND
Oct 30, 2014 2:12:29 PM org.apache.solr.schema.IndexSchema readSchema
INFO: unique key field: id
Oct 30, 2014 2:12:29 PM org.apache.solr.core.SolrCore <init>
INFO: [development] Opening new SolrCore at /Users/Gavin/Documents/Pearson-Coding-Project/solr/./, dataDir=/Users/Gavin/Documents/Pearson-Coding-Project/solr/./development/data/
Oct 30, 2014 2:12:29 PM org.apache.solr.core.SolrCore <init>
INFO: JMX monitoring not detected for core: development
Oct 30, 2014 2:12:29 PM org.apache.solr.core.SolrCore <init>
INFO: [test] Opening new SolrCore at /Users/Gavin/Documents/Pearson-Coding-Project/solr/./, dataDir=/Users/Gavin/Documents/Pearson-Coding-Project/solr/./test/data/
Oct 30, 2014 2:12:29 PM org.apache.solr.core.SolrCore <init>
INFO: JMX monitoring not detected for core: test
Oct 30, 2014 2:12:29 PM org.apache.solr.core.SolrCore <init>
INFO: [default] Opening new SolrCore at /Users/Gavin/Documents/Pearson-Coding-Project/solr/./, dataDir=/Users/Gavin/Documents/Pearson-Coding-Project/solr/./default/data/
Oct 30, 2014 2:12:29 PM org.apache.solr.core.SolrCore <init>
INFO: JMX monitoring not detected for core: default
Oct 30, 2014 2:12:29 PM org.apache.solr.core.SolrCore initDirectoryFactory
INFO: solr.NRTCachingDirectoryFactory
Oct 30, 2014 2:12:29 PM org.apache.solr.core.SolrCore initDirectoryFactory
INFO: solr.NRTCachingDirectoryFactory
Oct 30, 2014 2:12:29 PM org.apache.solr.core.SolrCore initDirectoryFactory
INFO: solr.NRTCachingDirectoryFactory
Oct 30, 2014 2:12:29 PM org.apache.solr.core.CachingDirectoryFactory get
INFO: return new directory for /Users/Gavin/Documents/Pearson-Coding-Project/solr/./development/data forceNew: false
Oct 30, 2014 2:12:29 PM org.apache.solr.core.CachingDirectoryFactory get
INFO: return new directory for /Users/Gavin/Documents/Pearson-Coding-Project/solr/./test/data forceNew: false
Oct 30, 2014 2:12:29 PM org.apache.solr.core.SolrCore getNewIndexDir
INFO: New index directory detected: old=null new=/Users/Gavin/Documents/Pearson-Coding-Project/solr/./test/data/index/
Oct 30, 2014 2:12:29 PM org.apache.solr.core.SolrCore initIndex
WARNING: [test] Solr index directory '/Users/Gavin/Documents/Pearson-Coding-Project/solr/./test/data/index' doesn't exist. Creating new index...
Oct 30, 2014 2:12:29 PM org.apache.solr.core.CachingDirectoryFactory get
INFO: return new directory for /Users/Gavin/Documents/Pearson-Coding-Project/solr/./default/data forceNew: false
Oct 30, 2014 2:12:29 PM org.apache.solr.core.SolrCore getNewIndexDir
INFO: New index directory detected: old=null new=/Users/Gavin/Documents/Pearson-Coding-Project/solr/./default/data/index/
Oct 30, 2014 2:12:29 PM org.apache.solr.core.SolrCore initIndex
WARNING: [default] Solr index directory '/Users/Gavin/Documents/Pearson-Coding-Project/solr/./default/data/index' doesn't exist. Creating new index...
Oct 30, 2014 2:12:29 PM org.apache.solr.core.SolrCore getNewIndexDir
INFO: New index directory detected: old=null new=/Users/Gavin/Documents/Pearson-Coding-Project/solr/./development/data/index/
Oct 30, 2014 2:12:29 PM org.apache.solr.core.SolrCore initIndex
WARNING: [development] Solr index directory '/Users/Gavin/Documents/Pearson-Coding-Project/solr/./development/data/index' doesn't exist. Creating new index...
Oct 30, 2014 2:12:29 PM org.apache.solr.core.CachingDirectoryFactory get
INFO: return new directory for /Users/Gavin/Documents/Pearson-Coding-Project/solr/./test/data/index forceNew: false
Oct 30, 2014 2:12:29 PM org.apache.solr.core.CachingDirectoryFactory get
INFO: return new directory for /Users/Gavin/Documents/Pearson-Coding-Project/solr/./default/data/index forceNew: false
Oct 30, 2014 2:12:29 PM org.apache.solr.core.CachingDirectoryFactory get
INFO: return new directory for /Users/Gavin/Documents/Pearson-Coding-Project/solr/./development/data/index forceNew: false
Oct 30, 2014 2:12:29 PM org.apache.solr.core.SolrDeletionPolicy onCommit
INFO: SolrDeletionPolicy.onCommit: commits:num=1
	commit{dir=NRTCachingDirectory(org.apache.lucene.store.NIOFSDirectory@/Users/Gavin/Documents/Pearson-Coding-Project/solr/default/data/index lockFactory=org.apache.lucene.store.NativeFSLockFactory@5ab23222; maxCacheMB=48.0 maxMergeSizeMB=4.0),segFN=segments_1,generation=1,filenames=[segments_1]
Oct 30, 2014 2:12:29 PM org.apache.solr.core.SolrDeletionPolicy updateCommits
INFO: newest commit = 1[segments_1]
Oct 30, 2014 2:12:29 PM org.apache.solr.core.SolrDeletionPolicy onCommit
INFO: SolrDeletionPolicy.onCommit: commits:num=1
	commit{dir=NRTCachingDirectory(org.apache.lucene.store.NIOFSDirectory@/Users/Gavin/Documents/Pearson-Coding-Project/solr/test/data/index lockFactory=org.apache.lucene.store.NativeFSLockFactory@440a43cf; maxCacheMB=48.0 maxMergeSizeMB=4.0),segFN=segments_1,generation=1,filenames=[segments_1]
Oct 30, 2014 2:12:29 PM org.apache.solr.core.SolrDeletionPolicy updateCommits
INFO: newest commit = 1[segments_1]
Oct 30, 2014 2:12:29 PM org.apache.solr.core.SolrDeletionPolicy onCommit
INFO: SolrDeletionPolicy.onCommit: commits:num=1
	commit{dir=NRTCachingDirectory(org.apache.lucene.store.NIOFSDirectory@/Users/Gavin/Documents/Pearson-Coding-Project/solr/development/data/index lockFactory=org.apache.lucene.store.NativeFSLockFactory@1f73a461; maxCacheMB=48.0 maxMergeSizeMB=4.0),segFN=segments_1,generation=1,filenames=[segments_1]
Oct 30, 2014 2:12:29 PM org.apache.solr.core.SolrDeletionPolicy updateCommits
INFO: newest commit = 1[segments_1]
Oct 30, 2014 2:12:29 PM org.apache.solr.core.RequestHandlers initHandlersFromConfig
INFO: created /select: solr.SearchHandler
Oct 30, 2014 2:12:29 PM org.apache.solr.core.RequestHandlers initHandlersFromConfig
INFO: created /query: solr.SearchHandler
Oct 30, 2014 2:12:29 PM org.apache.solr.core.RequestHandlers initHandlersFromConfig
INFO: created /get: solr.RealTimeGetHandler
Oct 30, 2014 2:12:29 PM org.apache.solr.core.RequestHandlers initHandlersFromConfig
INFO: created /update: solr.UpdateRequestHandler
Oct 30, 2014 2:12:29 PM org.apache.solr.core.RequestHandlers initHandlersFromConfig
INFO: created /select: solr.SearchHandler
Oct 30, 2014 2:12:29 PM org.apache.solr.core.RequestHandlers initHandlersFromConfig
INFO: created /query: solr.SearchHandler
Oct 30, 2014 2:12:29 PM org.apache.solr.core.RequestHandlers initHandlersFromConfig
INFO: created /select: solr.SearchHandler
Oct 30, 2014 2:12:29 PM org.apache.solr.core.RequestHandlers initHandlersFromConfig
INFO: created /query: solr.SearchHandler
Oct 30, 2014 2:12:29 PM org.apache.solr.core.RequestHandlers initHandlersFromConfig
INFO: created /get: solr.RealTimeGetHandler
Oct 30, 2014 2:12:29 PM org.apache.solr.core.RequestHandlers initHandlersFromConfig
INFO: created /update: solr.UpdateRequestHandler
Oct 30, 2014 2:12:29 PM org.apache.solr.core.RequestHandlers initHandlersFromConfig
INFO: created /update/json: solr.JsonUpdateRequestHandler
Oct 30, 2014 2:12:29 PM org.apache.solr.core.RequestHandlers initHandlersFromConfig
INFO: created /get: solr.RealTimeGetHandler
Oct 30, 2014 2:12:29 PM org.apache.solr.core.RequestHandlers initHandlersFromConfig
INFO: created /update/json: solr.JsonUpdateRequestHandler
Oct 30, 2014 2:12:29 PM org.apache.solr.core.RequestHandlers initHandlersFromConfig
INFO: created /update/csv: solr.CSVRequestHandler
Oct 30, 2014 2:12:29 PM org.apache.solr.core.RequestHandlers initHandlersFromConfig
INFO: adding lazy requestHandler: solr.extraction.ExtractingRequestHandler
Oct 30, 2014 2:12:29 PM org.apache.solr.core.RequestHandlers initHandlersFromConfig
INFO: created /update: solr.UpdateRequestHandler
Oct 30, 2014 2:12:29 PM org.apache.solr.core.RequestHandlers initHandlersFromConfig
INFO: created /update/csv: solr.CSVRequestHandler
Oct 30, 2014 2:12:29 PM org.apache.solr.core.RequestHandlers initHandlersFromConfig
INFO: adding lazy requestHandler: solr.extraction.ExtractingRequestHandler
Oct 30, 2014 2:12:29 PM org.apache.solr.core.RequestHandlers initHandlersFromConfig
INFO: created /update/extract: solr.extraction.ExtractingRequestHandler
Oct 30, 2014 2:12:29 PM org.apache.solr.core.RequestHandlers initHandlersFromConfig
INFO: adding lazy requestHandler: solr.FieldAnalysisRequestHandler
Oct 30, 2014 2:12:29 PM org.apache.solr.core.RequestHandlers initHandlersFromConfig
INFO: created /analysis/field: solr.FieldAnalysisRequestHandler
Oct 30, 2014 2:12:29 PM org.apache.solr.core.RequestHandlers initHandlersFromConfig
INFO: adding lazy requestHandler: solr.DocumentAnalysisRequestHandler
Oct 30, 2014 2:12:29 PM org.apache.solr.core.RequestHandlers initHandlersFromConfig
INFO: created /analysis/document: solr.DocumentAnalysisRequestHandler
Oct 30, 2014 2:12:29 PM org.apache.solr.core.RequestHandlers initHandlersFromConfig
INFO: created /update/json: solr.JsonUpdateRequestHandler
Oct 30, 2014 2:12:29 PM org.apache.solr.core.RequestHandlers initHandlersFromConfig
INFO: created /update/extract: solr.extraction.ExtractingRequestHandler
Oct 30, 2014 2:12:29 PM org.apache.solr.core.RequestHandlers initHandlersFromConfig
INFO: adding lazy requestHandler: solr.FieldAnalysisRequestHandler
Oct 30, 2014 2:12:29 PM org.apache.solr.core.RequestHandlers initHandlersFromConfig
INFO: created /analysis/field: solr.FieldAnalysisRequestHandler
Oct 30, 2014 2:12:29 PM org.apache.solr.core.RequestHandlers initHandlersFromConfig
INFO: adding lazy requestHandler: solr.DocumentAnalysisRequestHandler
Oct 30, 2014 2:12:29 PM org.apache.solr.core.RequestHandlers initHandlersFromConfig
INFO: created /analysis/document: solr.DocumentAnalysisRequestHandler
Oct 30, 2014 2:12:29 PM org.apache.solr.core.RequestHandlers initHandlersFromConfig
INFO: created /admin/ping: solr.PingRequestHandler
Oct 30, 2014 2:12:29 PM org.apache.solr.core.RequestHandlers initHandlersFromConfig
INFO: created /update/csv: solr.CSVRequestHandler
Oct 30, 2014 2:12:29 PM org.apache.solr.core.RequestHandlers initHandlersFromConfig
INFO: adding lazy requestHandler: solr.extraction.ExtractingRequestHandler
Oct 30, 2014 2:12:29 PM org.apache.solr.core.RequestHandlers initHandlersFromConfig
INFO: created /update/extract: solr.extraction.ExtractingRequestHandler
Oct 30, 2014 2:12:29 PM org.apache.solr.core.RequestHandlers initHandlersFromConfig
INFO: adding lazy requestHandler: solr.FieldAnalysisRequestHandler
Oct 30, 2014 2:12:29 PM org.apache.solr.core.RequestHandlers initHandlersFromConfig
INFO: created /analysis/field: solr.FieldAnalysisRequestHandler
Oct 30, 2014 2:12:29 PM org.apache.solr.core.RequestHandlers initHandlersFromConfig
INFO: adding lazy requestHandler: solr.DocumentAnalysisRequestHandler
Oct 30, 2014 2:12:29 PM org.apache.solr.core.RequestHandlers initHandlersFromConfig
INFO: created /analysis/document: solr.DocumentAnalysisRequestHandler
Oct 30, 2014 2:12:29 PM org.apache.solr.core.RequestHandlers initHandlersFromConfig
INFO: created /admin/ping: solr.PingRequestHandler
Oct 30, 2014 2:12:29 PM org.apache.solr.core.RequestHandlers initHandlersFromConfig
INFO: created /debug/dump: solr.DumpRequestHandler
Oct 30, 2014 2:12:29 PM org.apache.solr.core.RequestHandlers initHandlersFromConfig
INFO: created /admin/ping: solr.PingRequestHandler
Oct 30, 2014 2:12:29 PM org.apache.solr.core.RequestHandlers initHandlersFromConfig
INFO: created /debug/dump: solr.DumpRequestHandler
Oct 30, 2014 2:12:29 PM org.apache.solr.core.RequestHandlers initHandlersFromConfig
INFO: created /debug/dump: solr.DumpRequestHandler
Oct 30, 2014 2:12:29 PM org.apache.solr.core.RequestHandlers initHandlersFromConfig
INFO: created /replication: solr.ReplicationHandler
Oct 30, 2014 2:12:29 PM org.apache.solr.core.RequestHandlers initHandlersFromConfig
INFO: created /replication: solr.ReplicationHandler
Oct 30, 2014 2:12:29 PM org.apache.solr.core.RequestHandlers initHandlersFromConfig
INFO: created /replication: solr.ReplicationHandler
Oct 30, 2014 2:12:29 PM org.apache.solr.core.RequestHandlers initHandlersFromConfig
INFO: created /mlt: solr.MoreLikeThisHandler
Oct 30, 2014 2:12:29 PM org.apache.solr.core.RequestHandlers initHandlersFromConfig
INFO: created /mlt: solr.MoreLikeThisHandler
Oct 30, 2014 2:12:29 PM org.apache.solr.core.RequestHandlers initHandlersFromConfig
INFO: created /admin/: solr.admin.AdminHandlers
Oct 30, 2014 2:12:29 PM org.apache.solr.core.RequestHandlers initHandlersFromConfig
INFO: created /admin/: solr.admin.AdminHandlers
Oct 30, 2014 2:12:29 PM org.apache.solr.core.RequestHandlers initHandlersFromConfig
INFO: created /mlt: solr.MoreLikeThisHandler
Oct 30, 2014 2:12:29 PM org.apache.solr.core.RequestHandlers initHandlersFromConfig
INFO: created /admin/: solr.admin.AdminHandlers
Oct 30, 2014 2:12:29 PM org.apache.solr.handler.loader.XMLLoader init
INFO: xsltCacheLifetimeSeconds=60
Oct 30, 2014 2:12:29 PM org.apache.solr.handler.loader.XMLLoader init
INFO: xsltCacheLifetimeSeconds=60
Oct 30, 2014 2:12:29 PM org.apache.solr.handler.loader.XMLLoader init
INFO: xsltCacheLifetimeSeconds=60
Oct 30, 2014 2:12:29 PM org.apache.solr.handler.loader.XMLLoader init
INFO: xsltCacheLifetimeSeconds=60
Oct 30, 2014 2:12:29 PM org.apache.solr.handler.loader.XMLLoader init
INFO: xsltCacheLifetimeSeconds=60
Oct 30, 2014 2:12:29 PM org.apache.solr.handler.loader.XMLLoader init
INFO: xsltCacheLifetimeSeconds=60
Oct 30, 2014 2:12:29 PM org.apache.solr.handler.loader.XMLLoader init
INFO: xsltCacheLifetimeSeconds=60
Oct 30, 2014 2:12:29 PM org.apache.solr.handler.loader.XMLLoader init
INFO: xsltCacheLifetimeSeconds=60
Oct 30, 2014 2:12:29 PM org.apache.solr.handler.loader.XMLLoader init
INFO: xsltCacheLifetimeSeconds=60
Oct 30, 2014 2:12:29 PM org.apache.solr.search.SolrIndexSearcher <init>
INFO: Opening Searcher@6a1ea9a main
Oct 30, 2014 2:12:29 PM org.apache.solr.search.SolrIndexSearcher <init>
INFO: Opening Searcher@774d07e1 main
Oct 30, 2014 2:12:29 PM org.apache.solr.search.SolrIndexSearcher <init>
INFO: Opening Searcher@43224e5f main
Oct 30, 2014 2:12:29 PM org.apache.solr.update.CommitTracker <init>
INFO: Hard AutoCommit: if uncommited for 15000ms; 
Oct 30, 2014 2:12:29 PM org.apache.solr.update.CommitTracker <init>
INFO: Hard AutoCommit: if uncommited for 15000ms; 
Oct 30, 2014 2:12:29 PM org.apache.solr.update.CommitTracker <init>
INFO: Soft AutoCommit: if uncommited for 5000ms; 
Oct 30, 2014 2:12:29 PM org.apache.solr.handler.component.SpellCheckComponent inform
INFO: Initializing spell checkers
Oct 30, 2014 2:12:29 PM org.apache.solr.update.CommitTracker <init>
INFO: Hard AutoCommit: if uncommited for 15000ms; 
Oct 30, 2014 2:12:29 PM org.apache.solr.update.CommitTracker <init>
INFO: Soft AutoCommit: if uncommited for 5000ms; 
Oct 30, 2014 2:12:29 PM org.apache.solr.handler.component.SpellCheckComponent inform
INFO: Initializing spell checkers
Oct 30, 2014 2:12:29 PM org.apache.solr.update.CommitTracker <init>
INFO: Soft AutoCommit: if uncommited for 5000ms; 
Oct 30, 2014 2:12:29 PM org.apache.solr.handler.component.SpellCheckComponent inform
INFO: Initializing spell checkers
Oct 30, 2014 2:12:29 PM org.apache.solr.spelling.DirectSolrSpellChecker init
INFO: init: {name=default,field=name,classname=solr.DirectSolrSpellChecker,distanceMeasure=internal,accuracy=0.5,maxEdits=2,minPrefix=1,maxInspections=5,minQueryLength=4,maxQueryFrequency=0.01}
Oct 30, 2014 2:12:29 PM org.apache.solr.spelling.DirectSolrSpellChecker init
INFO: init: {name=default,field=name,classname=solr.DirectSolrSpellChecker,distanceMeasure=internal,accuracy=0.5,maxEdits=2,minPrefix=1,maxInspections=5,minQueryLength=4,maxQueryFrequency=0.01}
Oct 30, 2014 2:12:29 PM org.apache.solr.spelling.DirectSolrSpellChecker init
INFO: init: {name=default,field=name,classname=solr.DirectSolrSpellChecker,distanceMeasure=internal,accuracy=0.5,maxEdits=2,minPrefix=1,maxInspections=5,minQueryLength=4,maxQueryFrequency=0.01}
Oct 30, 2014 2:12:29 PM org.apache.solr.handler.component.SpellCheckComponent inform
INFO: No queryConverter defined, using default converter
Oct 30, 2014 2:12:29 PM org.apache.solr.handler.component.SpellCheckComponent inform
INFO: No queryConverter defined, using default converter
Oct 30, 2014 2:12:29 PM org.apache.solr.handler.component.SpellCheckComponent inform
INFO: No queryConverter defined, using default converter
Oct 30, 2014 2:12:29 PM org.apache.solr.handler.ReplicationHandler inform
INFO: Commits will be reserved for  10000
Oct 30, 2014 2:12:29 PM org.apache.solr.handler.ReplicationHandler inform
INFO: Commits will be reserved for  10000
Oct 30, 2014 2:12:29 PM org.apache.solr.handler.ReplicationHandler inform
INFO: Commits will be reserved for  10000
Oct 30, 2014 2:12:29 PM org.apache.solr.core.SolrCore registerSearcher
INFO: [development] Registered new searcher Searcher@6a1ea9a main{StandardDirectoryReader(segments_1:1)}
Oct 30, 2014 2:12:29 PM org.apache.solr.core.CoreContainer registerCore
INFO: registering core: test
Oct 30, 2014 2:12:29 PM org.apache.solr.core.SolrCore registerSearcher
INFO: [test] Registered new searcher Searcher@43224e5f main{StandardDirectoryReader(segments_1:1)}
Oct 30, 2014 2:12:29 PM org.apache.solr.core.CoreContainer registerCore
INFO: registering core: development
Oct 30, 2014 2:12:29 PM org.apache.solr.core.SolrCore registerSearcher
INFO: [default] Registered new searcher Searcher@774d07e1 main{StandardDirectoryReader(segments_1:1)}
Oct 30, 2014 2:12:29 PM org.apache.solr.core.CoreContainer registerCore
INFO: registering core: default
Oct 30, 2014 2:12:29 PM org.apache.solr.servlet.SolrDispatchFilter init
INFO: user.dir=/Users/Gavin/.rvm/gems/ruby-2.1.1/gems/sunspot_solr-2.1.1/solr
Oct 30, 2014 2:12:29 PM org.apache.solr.servlet.SolrDispatchFilter init
INFO: SolrDispatchFilter.init() done
Oct 30, 2014 2:15:41 PM org.apache.solr.core.SolrCore execute
INFO: [development] webapp=/solr path=/select params={q=stocks&defType=edismax&qf=title_text+content_text&fl=*+score&start=0&fq=type:Article&rows=30&wt=ruby} hits=0 status=0 QTime=242 
Oct 30, 2014 2:16:15 PM org.apache.solr.core.SolrCore execute
INFO: [development] webapp=/solr path=/select params={q=stocks&defType=edismax&qf=title_text+content_text&fl=*+score&start=0&fq=type:Article&rows=30&wt=ruby} hits=0 status=0 QTime=3 
Oct 30, 2014 2:16:23 PM org.apache.solr.core.SolrCore execute
INFO: [development] webapp=/solr path=/select params={q=stocks&defType=edismax&qf=title_text+content_text&fl=*+score&start=0&fq=type:Article&rows=30&wt=ruby} hits=0 status=0 QTime=1 
Oct 30, 2014 2:16:29 PM org.apache.solr.core.SolrCore execute
INFO: [development] webapp=/solr path=/select params={q=Stocks&defType=edismax&qf=title_text+content_text&fl=*+score&start=0&fq=type:Article&rows=30&wt=ruby} hits=0 status=0 QTime=1 
Oct 30, 2014 2:18:53 PM org.apache.solr.core.SolrCore execute
INFO: [development] webapp=/solr path=/select params={q=ok&defType=edismax&qf=title_text+content_text&fl=*+score&start=0&fq=type:Article&rows=30&wt=ruby} hits=0 status=0 QTime=12 
Oct 30, 2014 2:19:08 PM org.apache.solr.core.SolrCore execute
INFO: [development] webapp=/solr path=/select params={q=ok&defType=edismax&qf=title_text+content_text&fl=*+score&start=0&fq=type:Article&rows=30&wt=ruby} hits=0 status=0 QTime=1 
Oct 30, 2014 2:19:11 PM org.apache.solr.core.SolrCore execute
INFO: [development] webapp=/solr path=/select params={q=ok&defType=edismax&qf=title_text+content_text&fl=*+score&start=0&fq=type:Article&rows=30&wt=ruby} hits=0 status=0 QTime=3 
Oct 30, 2014 2:19:17 PM org.apache.solr.core.SolrCore execute
INFO: [development] webapp=/solr path=/select params={q=as&defType=edismax&qf=title_text+content_text&fl=*+score&start=0&fq=type:Article&rows=30&wt=ruby} hits=0 status=0 QTime=1 
Oct 30, 2014 2:19:30 PM org.apache.solr.core.SolrCore execute
INFO: [development] webapp=/solr path=/select params={q=as&defType=edismax&qf=title_text+content_text&fl=*+score&start=0&fq=type:Article&rows=30&wt=ruby} hits=0 status=0 QTime=2 
